
========================[ Jan 20, 2011  8:44 AM ]========================
Version 2.2.18 [Mar-02-2008]
Started database file "imgt.VDJ.dna.nr.fa"
Formatted 1526 sequences in volume 0
SUCCESS: formatted database imgt.VDJ.dna.nr.fa

========================[ Jan 20, 2011  8:44 AM ]========================
Version 2.2.18 [Mar-02-2008]
Started database file "imgt.HD.dna.nr.fa"
Formatted 36 sequences in volume 0
SUCCESS: formatted database imgt.HD.dna.nr.fa

========================[ Jan 20, 2011  8:44 AM ]========================
Version 2.2.18 [Mar-02-2008]
Started database file "imgt.J.dna.fa"
Formatted 153 sequences in volume 0
SUCCESS: formatted database imgt.J.dna.fa

========================[ Jan 20, 2011  8:45 AM ]========================
Version 2.2.18 [Mar-02-2008]
Started database file "imgt.CH1.dna.nr.fa"
Formatted 56 sequences in volume 0
SUCCESS: formatted database imgt.CH1.dna.nr.fa

========================[ Jan 20, 2011  9:22 AM ]========================
Version 2.2.18 [Mar-02-2008]
Started database file "imgt.VDJ.dna.nr.fa"
Formatted 1526 sequences in volume 0
SUCCESS: formatted database imgt.VDJ.dna.nr.fa

========================[ Jan 20, 2011  9:22 AM ]========================
Version 2.2.18 [Mar-02-2008]
Started database file "imgt.J.dna.fa"
Formatted 153 sequences in volume 0
SUCCESS: formatted database imgt.J.dna.fa

========================[ Jan 20, 2011  9:22 AM ]========================
Version 2.2.18 [Mar-02-2008]
Started database file "imgt.HD.dna.nr.fa"
Formatted 36 sequences in volume 0
SUCCESS: formatted database imgt.HD.dna.nr.fa

========================[ Jan 20, 2011  9:22 AM ]========================
Version 2.2.18 [Mar-02-2008]
Started database file "imgt.CH1.dna.nr.fa"
Formatted 56 sequences in volume 0
SUCCESS: formatted database imgt.CH1.dna.nr.fa
